# JRE version: OpenJDK Runtime Environment (8.0_152-b01) (build 1.8.0_152-release-1343-b01)
# Java VM: OpenJDK 64-Bit Server VM (25.152-b01 mixed mode windows-amd64 compressed oops)
Heap:
 PSYoungGen      total 141824K, used 102419K [0x00000000e0000000, 0x00000000eb080000, 0x0000000100000000)
  eden space 116736K, 84% used [0x00000000e0000000,0x00000000e5ff5cb0,0x00000000e7200000)
  from space 25088K, 16% used [0x00000000e7200000,0x00000000e760f178,0x00000000e8a80000)
  to   space 25088K, 0% used [0x00000000e9800000,0x00000000e9800000,0x00000000eb080000)
 ParOldGen       total 193024K, used 46888K [0x00000000a0000000, 0x00000000abc80000, 0x00000000e0000000)
  object space 193024K, 24% used [0x00000000a0000000,0x00000000a2dca280,0x00000000abc80000)
 Metaspace       used 97266K, capacity 100536K, committed 101656K, reserved 1138688K
  class space    used 12230K, capacity 12895K, committed 13096K, reserved 1048576K
GC Heap History (10 events):
Event: 3809.419 GC heap before
{Heap before GC invocations=27 (full 3):
 PSYoungGen      total 130048K, used 118262K [0x00000000e0000000, 0x00000000ea380000, 0x0000000100000000)
  eden space 107008K, 100% used [0x00000000e0000000,0x00000000e6880000,0x00000000e6880000)
  from space 23040K, 48% used [0x00000000e6880000,0x00000000e737da70,0x00000000e7f00000)
  to   space 22016K, 0% used [0x00000000e8e00000,0x00000000e8e00000,0x00000000ea380000)
 ParOldGen       total 140288K, used 46387K [0x00000000a0000000, 0x00000000a8900000, 0x00000000e0000000)
  object space 140288K, 33% used [0x00000000a0000000,0x00000000a2d4cdf0,0x00000000a8900000)
 Metaspace       used 87661K, capacity 90792K, committed 91032K, reserved 1128448K
  class space    used 11126K, capacity 11830K, committed 11944K, reserved 1048576K
Event: 3809.444 GC heap after
Heap after GC invocations=27 (full 3):
 PSYoungGen      total 143360K, used 14525K [0x00000000e0000000, 0x00000000ea280000, 0x0000000100000000)
  eden space 122368K, 0% used [0x00000000e0000000,0x00000000e0000000,0x00000000e7780000)
  from space 20992K, 69% used [0x00000000e8e00000,0x00000000e9c2f588,0x00000000ea280000)
  to   space 22016K, 0% used [0x00000000e7780000,0x00000000e7780000,0x00000000e8d00000)
 ParOldGen       total 140288K, used 46395K [0x00000000a0000000, 0x00000000a8900000, 0x00000000e0000000)
  object space 140288K, 33% used [0x00000000a0000000,0x00000000a2d4edf0,0x00000000a8900000)
 Metaspace       used 87661K, capacity 90792K, committed 91032K, reserved 1128448K
  class space    used 11126K, capacity 11830K, committed 11944K, reserved 1048576K
}
Event: 3815.166 GC heap before
{Heap before GC invocations=28 (full 3):
 PSYoungGen      total 143360K, used 136893K [0x00000000e0000000, 0x00000000ea280000, 0x0000000100000000)
  eden space 122368K, 100% used [0x00000000e0000000,0x00000000e7780000,0x00000000e7780000)
  from space 20992K, 69% used [0x00000000e8e00000,0x00000000e9c2f588,0x00000000ea280000)
  to   space 22016K, 0% used [0x00000000e7780000,0x00000000e7780000,0x00000000e8d00000)
 ParOldGen       total 140288K, used 46395K [0x00000000a0000000, 0x00000000a8900000, 0x00000000e0000000)
  object space 140288K, 33% used [0x00000000a0000000,0x00000000a2d4edf0,0x00000000a8900000)
 Metaspace       used 89942K, capacity 93358K, committed 93592K, reserved 1130496K
  class space    used 11420K, capacity 12133K, committed 12200K, reserved 1048576K
Event: 3815.192 GC heap after
Heap after GC invocations=28 (full 3):
 PSYoungGen      total 135680K, used 16013K [0x00000000e0000000, 0x00000000ea080000, 0x0000000100000000)
  eden space 119296K, 0% used [0x00000000e0000000,0x00000000e0000000,0x00000000e7480000)
  from space 16384K, 97% used [0x00000000e7780000,0x00000000e8723760,0x00000000e8780000)
  to   space 22528K, 0% used [0x00000000e8a80000,0x00000000e8a80000,0x00000000ea080000)
 ParOldGen       total 140288K, used 46403K [0x00000000a0000000, 0x00000000a8900000, 0x00000000e0000000)
  object space 140288K, 33% used [0x00000000a0000000,0x00000000a2d50df0,0x00000000a8900000)
 Metaspace       used 89942K, capacity 93358K, committed 93592K, reserved 1130496K
  class space    used 11420K, capacity 12133K, committed 12200K, reserved 1048576K
}
Event: 3816.563 GC heap before
{Heap before GC invocations=29 (full 3):
 PSYoungGen      total 135680K, used 51399K [0x00000000e0000000, 0x00000000ea080000, 0x0000000100000000)
  eden space 119296K, 29% used [0x00000000e0000000,0x00000000e228e5c8,0x00000000e7480000)
  from space 16384K, 97% used [0x00000000e7780000,0x00000000e8723760,0x00000000e8780000)
  to   space 22528K, 0% used [0x00000000e8a80000,0x00000000e8a80000,0x00000000ea080000)
 ParOldGen       total 140288K, used 46403K [0x00000000a0000000, 0x00000000a8900000, 0x00000000e0000000)
  object space 140288K, 33% used [0x00000000a0000000,0x00000000a2d50df0,0x00000000a8900000)
 Metaspace       used 94881K, capacity 98554K, committed 98584K, reserved 1134592K
  class space    used 12074K, capacity 12833K, committed 12840K, reserved 1048576K
Event: 3816.587 GC heap after
Heap after GC invocations=29 (full 3):
 PSYoungGen      total 139264K, used 20959K [0x00000000e0000000, 0x00000000eb200000, 0x0000000100000000)
  eden space 116736K, 0% used [0x00000000e0000000,0x00000000e0000000,0x00000000e7200000)
  from space 22528K, 93% used [0x00000000e8a80000,0x00000000e9ef7ef8,0x00000000ea080000)
  to   space 25088K, 0% used [0x00000000e7200000,0x00000000e7200000,0x00000000e8a80000)
 ParOldGen       total 140288K, used 46411K [0x00000000a0000000, 0x00000000a8900000, 0x00000000e0000000)
  object space 140288K, 33% used [0x00000000a0000000,0x00000000a2d52df0,0x00000000a8900000)
 Metaspace       used 94881K, capacity 98554K, committed 98584K, reserved 1134592K
  class space    used 12074K, capacity 12833K, committed 12840K, reserved 1048576K
}
Event: 3816.587 GC heap before
{Heap before GC invocations=30 (full 4):
 PSYoungGen      total 139264K, used 20959K [0x00000000e0000000, 0x00000000eb200000, 0x0000000100000000)
  eden space 116736K, 0% used [0x00000000e0000000,0x00000000e0000000,0x00000000e7200000)
  from space 22528K, 93% used [0x00000000e8a80000,0x00000000e9ef7ef8,0x00000000ea080000)
  to   space 25088K, 0% used [0x00000000e7200000,0x00000000e7200000,0x00000000e8a80000)
 ParOldGen       total 140288K, used 46411K [0x00000000a0000000, 0x00000000a8900000, 0x00000000e0000000)
  object space 140288K, 33% used [0x00000000a0000000,0x00000000a2d52df0,0x00000000a8900000)
 Metaspace       used 94881K, capacity 98554K, committed 98584K, reserved 1134592K
  class space    used 12074K, capacity 12833K, committed 12840K, reserved 1048576K
Event: 3818.783 GC heap after
Heap after GC invocations=30 (full 4):
 PSYoungGen      total 139264K, used 0K [0x00000000e0000000, 0x00000000eb200000, 0x0000000100000000)
  eden space 116736K, 0% used [0x00000000e0000000,0x00000000e0000000,0x00000000e7200000)
  from space 22528K, 0% used [0x00000000e8a80000,0x00000000e8a80000,0x00000000ea080000)
  to   space 25088K, 0% used [0x00000000e7200000,0x00000000e7200000,0x00000000e8a80000)
 ParOldGen       total 193024K, used 46880K [0x00000000a0000000, 0x00000000abc80000, 0x00000000e0000000)
  object space 193024K, 24% used [0x00000000a0000000,0x00000000a2dc8280,0x00000000abc80000)
 Metaspace       used 93808K, capacity 96780K, committed 98584K, reserved 1134592K
  class space    used 11884K, capacity 12503K, committed 12840K, reserved 1048576K
}
Event: 3820.589 GC heap before
{Heap before GC invocations=31 (full 4):
 PSYoungGen      total 139264K, used 116736K [0x00000000e0000000, 0x00000000eb200000, 0x0000000100000000)
  eden space 116736K, 100% used [0x00000000e0000000,0x00000000e7200000,0x00000000e7200000)
  from space 22528K, 0% used [0x00000000e8a80000,0x00000000e8a80000,0x00000000ea080000)
  to   space 25088K, 0% used [0x00000000e7200000,0x00000000e7200000,0x00000000e8a80000)
 ParOldGen       total 193024K, used 46880K [0x00000000a0000000, 0x00000000abc80000, 0x00000000e0000000)
  object space 193024K, 24% used [0x00000000a0000000,0x00000000a2dc8280,0x00000000abc80000)
 Metaspace       used 97027K, capacity 100244K, committed 101400K, reserved 1138688K
  class space    used 12221K, capacity 12891K, committed 13096K, reserved 1048576K
Event: 3820.604 GC heap after
Heap after GC invocations=31 (full 4):
 PSYoungGen      total 141824K, used 4156K [0x00000000e0000000, 0x00000000eb080000, 0x0000000100000000)
  eden space 116736K, 0% used [0x00000000e0000000,0x00000000e0000000,0x00000000e7200000)
  from space 25088K, 16% used [0x00000000e7200000,0x00000000e760f178,0x00000000e8a80000)
  to   space 25088K, 0% used [0x00000000e9800000,0x00000000e9800000,0x00000000eb080000)
 ParOldGen       total 193024K, used 46888K [0x00000000a0000000, 0x00000000abc80000, 0x00000000e0000000)
  object space 193024K, 24% used [0x00000000a0000000,0x00000000a2dca280,0x00000000abc80000)
 Metaspace       used 97027K, capacity 100244K, committed 101400K, reserved 1138688K
  class space    used 12221K, capacity 12891K, committed 13096K, reserved 1048576K
}

