# JRE version: OpenJDK Runtime Environment (8.0_152-b01) (build 1.8.0_152-release-1343-b01)
# Java VM: OpenJDK 64-Bit Server VM (25.152-b01 mixed mode windows-amd64 compressed oops)
Heap:
 PSYoungGen      total 88064K, used 42346K [0x00000000e0000000, 0x00000000e7600000, 0x0000000100000000)
  eden space 77824K, 41% used [0x00000000e0000000,0x00000000e1f62258,0x00000000e4c00000)
  from space 10240K, 99% used [0x00000000e4c00000,0x00000000e55f85e8,0x00000000e5600000)
  to   space 11776K, 0% used [0x00000000e6a80000,0x00000000e6a80000,0x00000000e7600000)
 ParOldGen       total 90112K, used 19171K [0x00000000a0000000, 0x00000000a5800000, 0x00000000e0000000)
  object space 90112K, 21% used [0x00000000a0000000,0x00000000a12b8e90,0x00000000a5800000)
 Metaspace       used 45126K, capacity 46102K, committed 46376K, reserved 1089536K
  class space    used 6096K, capacity 6378K, committed 6440K, reserved 1048576K
GC Heap History (10 events):
Event: 18.744 GC heap before
{Heap before GC invocations=9 (full 1):
 PSYoungGen      total 43520K, used 37804K [0x00000000e0000000, 0x00000000e4b00000, 0x0000000100000000)
  eden space 33280K, 100% used [0x00000000e0000000,0x00000000e2080000,0x00000000e2080000)
  from space 10240K, 44% used [0x00000000e2080000,0x00000000e24eb1a0,0x00000000e2a80000)
  to   space 10240K, 0% used [0x00000000e4100000,0x00000000e4100000,0x00000000e4b00000)
 ParOldGen       total 55808K, used 7732K [0x00000000a0000000, 0x00000000a3680000, 0x00000000e0000000)
  object space 55808K, 13% used [0x00000000a0000000,0x00000000a078d348,0x00000000a3680000)
 Metaspace       used 28885K, capacity 29404K, committed 29696K, reserved 1075200K
  class space    used 3878K, capacity 4071K, committed 4096K, reserved 1048576K
Event: 18.753 GC heap after
Heap after GC invocations=9 (full 1):
 PSYoungGen      total 64512K, used 6062K [0x00000000e0000000, 0x00000000e4980000, 0x0000000100000000)
  eden space 55808K, 0% used [0x00000000e0000000,0x00000000e0000000,0x00000000e3680000)
  from space 8704K, 69% used [0x00000000e4100000,0x00000000e46eb9c8,0x00000000e4980000)
  to   space 9728K, 0% used [0x00000000e3680000,0x00000000e3680000,0x00000000e4000000)
 ParOldGen       total 55808K, used 7732K [0x00000000a0000000, 0x00000000a3680000, 0x00000000e0000000)
  object space 55808K, 13% used [0x00000000a0000000,0x00000000a078d348,0x00000000a3680000)
 Metaspace       used 28885K, capacity 29404K, committed 29696K, reserved 1075200K
  class space    used 3878K, capacity 4071K, committed 4096K, reserved 1048576K
}
Event: 20.440 GC heap before
{Heap before GC invocations=10 (full 1):
 PSYoungGen      total 64512K, used 61870K [0x00000000e0000000, 0x00000000e4980000, 0x0000000100000000)
  eden space 55808K, 100% used [0x00000000e0000000,0x00000000e3680000,0x00000000e3680000)
  from space 8704K, 69% used [0x00000000e4100000,0x00000000e46eb9c8,0x00000000e4980000)
  to   space 9728K, 0% used [0x00000000e3680000,0x00000000e3680000,0x00000000e4000000)
 ParOldGen       total 55808K, used 7732K [0x00000000a0000000, 0x00000000a3680000, 0x00000000e0000000)
  object space 55808K, 13% used [0x00000000a0000000,0x00000000a078d348,0x00000000a3680000)
 Metaspace       used 31628K, capacity 32040K, committed 32256K, reserved 1077248K
  class space    used 4350K, capacity 4522K, committed 4608K, reserved 1048576K
Event: 20.450 GC heap after
Heap after GC invocations=10 (full 1):
 PSYoungGen      total 65536K, used 7850K [0x00000000e0000000, 0x00000000e6000000, 0x0000000100000000)
  eden space 55808K, 0% used [0x00000000e0000000,0x00000000e0000000,0x00000000e3680000)
  from space 9728K, 80% used [0x00000000e3680000,0x00000000e3e2a9b0,0x00000000e4000000)
  to   space 10240K, 0% used [0x00000000e5600000,0x00000000e5600000,0x00000000e6000000)
 ParOldGen       total 55808K, used 7740K [0x00000000a0000000, 0x00000000a3680000, 0x00000000e0000000)
  object space 55808K, 13% used [0x00000000a0000000,0x00000000a078f348,0x00000000a3680000)
 Metaspace       used 31628K, capacity 32040K, committed 32256K, reserved 1077248K
  class space    used 4350K, capacity 4522K, committed 4608K, reserved 1048576K
}
Event: 22.248 GC heap before
{Heap before GC invocations=11 (full 1):
 PSYoungGen      total 65536K, used 61566K [0x00000000e0000000, 0x00000000e6000000, 0x0000000100000000)
  eden space 55808K, 96% used [0x00000000e0000000,0x00000000e3475180,0x00000000e3680000)
  from space 9728K, 80% used [0x00000000e3680000,0x00000000e3e2a9b0,0x00000000e4000000)
  to   space 10240K, 0% used [0x00000000e5600000,0x00000000e5600000,0x00000000e6000000)
 ParOldGen       total 55808K, used 7740K [0x00000000a0000000, 0x00000000a3680000, 0x00000000e0000000)
  object space 55808K, 13% used [0x00000000a0000000,0x00000000a078f348,0x00000000a3680000)
 Metaspace       used 34777K, capacity 35438K, committed 35496K, reserved 1079296K
  class space    used 4802K, capacity 4996K, committed 5032K, reserved 1048576K
Event: 22.262 GC heap after
Heap after GC invocations=11 (full 1):
 PSYoungGen      total 88064K, used 6905K [0x00000000e0000000, 0x00000000e6000000, 0x0000000100000000)
  eden space 77824K, 0% used [0x00000000e0000000,0x00000000e0000000,0x00000000e4c00000)
  from space 10240K, 67% used [0x00000000e5600000,0x00000000e5cbe6b0,0x00000000e6000000)
  to   space 10240K, 0% used [0x00000000e4c00000,0x00000000e4c00000,0x00000000e5600000)
 ParOldGen       total 55808K, used 11056K [0x00000000a0000000, 0x00000000a3680000, 0x00000000e0000000)
  object space 55808K, 19% used [0x00000000a0000000,0x00000000a0acc368,0x00000000a3680000)
 Metaspace       used 34777K, capacity 35438K, committed 35496K, reserved 1079296K
  class space    used 4802K, capacity 4996K, committed 5032K, reserved 1048576K
}
Event: 22.262 GC heap before
{Heap before GC invocations=12 (full 2):
 PSYoungGen      total 88064K, used 6905K [0x00000000e0000000, 0x00000000e6000000, 0x0000000100000000)
  eden space 77824K, 0% used [0x00000000e0000000,0x00000000e0000000,0x00000000e4c00000)
  from space 10240K, 67% used [0x00000000e5600000,0x00000000e5cbe6b0,0x00000000e6000000)
  to   space 10240K, 0% used [0x00000000e4c00000,0x00000000e4c00000,0x00000000e5600000)
 ParOldGen       total 55808K, used 11056K [0x00000000a0000000, 0x00000000a3680000, 0x00000000e0000000)
  object space 55808K, 19% used [0x00000000a0000000,0x00000000a0acc368,0x00000000a3680000)
 Metaspace       used 34777K, capacity 35438K, committed 35496K, reserved 1079296K
  class space    used 4802K, capacity 4996K, committed 5032K, reserved 1048576K
Event: 22.363 GC heap after
Heap after GC invocations=12 (full 2):
 PSYoungGen      total 88064K, used 0K [0x00000000e0000000, 0x00000000e6000000, 0x0000000100000000)
  eden space 77824K, 0% used [0x00000000e0000000,0x00000000e0000000,0x00000000e4c00000)
  from space 10240K, 0% used [0x00000000e5600000,0x00000000e5600000,0x00000000e6000000)
  to   space 10240K, 0% used [0x00000000e4c00000,0x00000000e4c00000,0x00000000e5600000)
 ParOldGen       total 90112K, used 17052K [0x00000000a0000000, 0x00000000a5800000, 0x00000000e0000000)
  object space 90112K, 18% used [0x00000000a0000000,0x00000000a10a72e0,0x00000000a5800000)
 Metaspace       used 34768K, capacity 35408K, committed 35496K, reserved 1079296K
  class space    used 4799K, capacity 4991K, committed 5032K, reserved 1048576K
}
Event: 25.454 GC heap before
{Heap before GC invocations=13 (full 2):
 PSYoungGen      total 88064K, used 77824K [0x00000000e0000000, 0x00000000e6000000, 0x0000000100000000)
  eden space 77824K, 100% used [0x00000000e0000000,0x00000000e4c00000,0x00000000e4c00000)
  from space 10240K, 0% used [0x00000000e5600000,0x00000000e5600000,0x00000000e6000000)
  to   space 10240K, 0% used [0x00000000e4c00000,0x00000000e4c00000,0x00000000e5600000)
 ParOldGen       total 90112K, used 17052K [0x00000000a0000000, 0x00000000a5800000, 0x00000000e0000000)
  object space 90112K, 18% used [0x00000000a0000000,0x00000000a10a72e0,0x00000000a5800000)
 Metaspace       used 43496K, capacity 44332K, committed 44584K, reserved 1087488K
  class space    used 5844K, capacity 6116K, committed 6184K, reserved 1048576K
Event: 25.470 GC heap after
Heap after GC invocations=13 (full 2):
 PSYoungGen      total 88064K, used 10209K [0x00000000e0000000, 0x00000000e7600000, 0x0000000100000000)
  eden space 77824K, 0% used [0x00000000e0000000,0x00000000e0000000,0x00000000e4c00000)
  from space 10240K, 99% used [0x00000000e4c00000,0x00000000e55f85e8,0x00000000e5600000)
  to   space 11776K, 0% used [0x00000000e6a80000,0x00000000e6a80000,0x00000000e7600000)
 ParOldGen       total 90112K, used 19171K [0x00000000a0000000, 0x00000000a5800000, 0x00000000e0000000)
  object space 90112K, 21% used [0x00000000a0000000,0x00000000a12b8e90,0x00000000a5800000)
 Metaspace       used 43496K, capacity 44332K, committed 44584K, reserved 1087488K
  class space    used 5844K, capacity 6116K, committed 6184K, reserved 1048576K
}

